\BOOKMARK [1][-]{section.1}{Einleitung}{}% 1
\BOOKMARK [2][-]{subsection.1.1}{Motivation}{section.1}% 2
\BOOKMARK [1][-]{section.2}{Das Unternehmen}{}% 3
\BOOKMARK [2][-]{subsection.2.1}{Mein T\344tigkeitsbereich}{section.2}% 4
\BOOKMARK [2][-]{subsection.2.2}{Produkte}{section.2}% 5
\BOOKMARK [2][-]{subsection.2.3}{Unternehmensbereiche}{section.2}% 6
\BOOKMARK [2][-]{subsection.2.4}{organisatorische Einbettung}{section.2}% 7
\BOOKMARK [1][-]{section.3}{Das Projekt}{}% 8
\BOOKMARK [2][-]{subsection.3.1}{Allgemeine Beschreibung}{section.3}% 9
\BOOKMARK [2][-]{subsection.3.2}{Meine Aufgabe}{section.3}% 10
\BOOKMARK [2][-]{subsection.3.3}{Ziele}{section.3}% 11
\BOOKMARK [2][-]{subsection.3.4}{Eingesetzte Technologien}{section.3}% 12
\BOOKMARK [2][-]{subsection.3.5}{Anforderungen}{section.3}% 13
\BOOKMARK [2][-]{subsection.3.6}{Konzepte und L\366sungsans\344tze}{section.3}% 14
\BOOKMARK [2][-]{subsection.3.7}{Aktueller Stand}{section.3}% 15
\BOOKMARK [2][-]{subsection.3.8}{Bewertung des Ergebnisses}{section.3}% 16
\BOOKMARK [2][-]{subsection.3.9}{Ausblick}{section.3}% 17
\BOOKMARK [1][-]{section.4}{Evaluation der Praxisphase}{}% 18
\BOOKMARK [2][-]{subsection.4.1}{Das Unternehmen}{section.4}% 19
\BOOKMARK [2][-]{subsection.4.2}{Lessons Learned}{section.4}% 20
\BOOKMARK [2][-]{subsection.4.3}{Pers\366hnliche Einsch\344tzung des Lernerfolgs}{section.4}% 21
