\BOOKMARK [1][-]{section.1}{Einleitung und Motivation}{}% 1
\BOOKMARK [1][-]{section.2}{Das Unternehmen}{}% 2
\BOOKMARK [2][-]{subsection.2.1}{\334berblick}{section.2}% 3
\BOOKMARK [2][-]{subsection.2.2}{Unternehmensbereiche \(Divisionen\)}{section.2}% 4
\BOOKMARK [3][-]{subsubsection.2.2.1}{Gesch\344fteinheit Instrumentation and Driver HMI}{subsection.2.2}% 5
\BOOKMARK [3][-]{subsubsection.2.2.2}{Bereich Core Development Software}{subsection.2.2}% 6
\BOOKMARK [3][-]{subsubsection.2.2.3}{CDS Gruppe Flashbootloader}{subsection.2.2}% 7
\BOOKMARK [2][-]{subsection.2.3}{Produkte}{section.2}% 8
\BOOKMARK [2][-]{subsection.2.4}{Meine Praxisstelle - organisatorische Einbettung}{section.2}% 9
\BOOKMARK [1][-]{section.3}{Das Projekt}{}% 10
\BOOKMARK [2][-]{subsection.3.1}{Allgemeine Beschreibung}{section.3}% 11
\BOOKMARK [2][-]{subsection.3.2}{Meine Aufgabe}{section.3}% 12
\BOOKMARK [2][-]{subsection.3.3}{Ziele}{section.3}% 13
\BOOKMARK [2][-]{subsection.3.4}{Eingesetzte Technologien}{section.3}% 14
\BOOKMARK [2][-]{subsection.3.5}{Anforderungen}{section.3}% 15
\BOOKMARK [2][-]{subsection.3.6}{Konzepte und L\366sungsans\344tze}{section.3}% 16
\BOOKMARK [3][-]{subsubsection.3.6.1}{Kommunikationsprotokoll}{subsection.3.6}% 17
\BOOKMARK [3][-]{subsubsection.3.6.2}{Dom\344nprinzip}{subsection.3.6}% 18
\BOOKMARK [3][-]{subsubsection.3.6.3}{Authentifizierung}{subsection.3.6}% 19
\BOOKMARK [3][-]{subsubsection.3.6.4}{Verschl\374sselung}{subsection.3.6}% 20
\BOOKMARK [3][-]{subsubsection.3.6.5}{Messungen}{subsection.3.6}% 21
\BOOKMARK [2][-]{subsection.3.7}{Aktueller Stand}{section.3}% 22
\BOOKMARK [2][-]{subsection.3.8}{Bewertung des Ergebnisses}{section.3}% 23
\BOOKMARK [2][-]{subsection.3.9}{Ausblick}{section.3}% 24
\BOOKMARK [1][-]{section.4}{Evaluation der Praxisphase}{}% 25
\BOOKMARK [2][-]{subsection.4.1}{Die Aufgabe}{section.4}% 26
\BOOKMARK [2][-]{subsection.4.2}{Das Unternehmen als Praxisstelle}{section.4}% 27
\BOOKMARK [2][-]{subsection.4.3}{Lessons Learned}{section.4}% 28
\BOOKMARK [2][-]{subsection.4.4}{Pers\366nliche Einsch\344tzung des Lernerfolgs}{section.4}% 29
\BOOKMARK [1][-]{section*.38}{Literatur}{}% 30
